Determining if the pthread_create exist failed with the following output:
Change Dir: /home/donabe/ros2_basics/src/crane/crane_role_assignor/build/CMakeFiles/CMakeTmp

Run Build Command:"/usr/bin/make" "cmTC_80c80/fast"
/usr/bin/make -f CMakeFiles/cmTC_80c80.dir/build.make CMakeFiles/cmTC_80c80.dir/build
make[1]: ディレクトリ '/home/donabe/ros2_basics/src/crane/crane_role_assignor/build/CMakeFiles/CMakeTmp' に入ります
Building C object CMakeFiles/cmTC_80c80.dir/CheckSymbolExists.c.o
/usr/bin/gcc-7    -o CMakeFiles/cmTC_80c80.dir/CheckSymbolExists.c.o   -c /home/donabe/ros2_basics/src/crane/crane_role_assignor/build/CMakeFiles/CMakeTmp/CheckSymbolExists.c
Linking C executable cmTC_80c80
/usr/bin/cmake -E cmake_link_script CMakeFiles/cmTC_80c80.dir/link.txt --verbose=1
/usr/bin/gcc-7      CMakeFiles/cmTC_80c80.dir/CheckSymbolExists.c.o  -o cmTC_80c80 
CMakeFiles/cmTC_80c80.dir/CheckSymbolExists.c.o: 関数 `main' 内:
CheckSymbolExists.c:(.text+0x1b): `pthread_create' に対する定義されていない参照です
collect2: error: ld returned 1 exit status
CMakeFiles/cmTC_80c80.dir/build.make:97: recipe for target 'cmTC_80c80' failed
make[1]: *** [cmTC_80c80] Error 1
make[1]: ディレクトリ '/home/donabe/ros2_basics/src/crane/crane_role_assignor/build/CMakeFiles/CMakeTmp' から出ます
Makefile:126: recipe for target 'cmTC_80c80/fast' failed
make: *** [cmTC_80c80/fast] Error 2

File /home/donabe/ros2_basics/src/crane/crane_role_assignor/build/CMakeFiles/CMakeTmp/CheckSymbolExists.c:
/* */
#include <pthread.h>

int main(int argc, char** argv)
{
  (void)argv;
#ifndef pthread_create
  return ((int*)(&pthread_create))[argc];
#else
  (void)argc;
  return 0;
#endif
}

Determining if the function pthread_create exists in the pthreads failed with the following output:
Change Dir: /home/donabe/ros2_basics/src/crane/crane_role_assignor/build/CMakeFiles/CMakeTmp

Run Build Command:"/usr/bin/make" "cmTC_d6ee4/fast"
/usr/bin/make -f CMakeFiles/cmTC_d6ee4.dir/build.make CMakeFiles/cmTC_d6ee4.dir/build
make[1]: ディレクトリ '/home/donabe/ros2_basics/src/crane/crane_role_assignor/build/CMakeFiles/CMakeTmp' に入ります
Building C object CMakeFiles/cmTC_d6ee4.dir/CheckFunctionExists.c.o
/usr/bin/gcc-7   -DCHECK_FUNCTION_EXISTS=pthread_create   -o CMakeFiles/cmTC_d6ee4.dir/CheckFunctionExists.c.o   -c /usr/share/cmake-3.10/Modules/CheckFunctionExists.c
Linking C executable cmTC_d6ee4
/usr/bin/cmake -E cmake_link_script CMakeFiles/cmTC_d6ee4.dir/link.txt --verbose=1
/usr/bin/gcc-7  -DCHECK_FUNCTION_EXISTS=pthread_create    CMakeFiles/cmTC_d6ee4.dir/CheckFunctionExists.c.o  -o cmTC_d6ee4 -lpthreads 
/usr/bin/ld: -lpthreads が見つかりません
collect2: error: ld returned 1 exit status
CMakeFiles/cmTC_d6ee4.dir/build.make:97: recipe for target 'cmTC_d6ee4' failed
make[1]: *** [cmTC_d6ee4] Error 1
make[1]: ディレクトリ '/home/donabe/ros2_basics/src/crane/crane_role_assignor/build/CMakeFiles/CMakeTmp' から出ます
Makefile:126: recipe for target 'cmTC_d6ee4/fast' failed
make: *** [cmTC_d6ee4/fast] Error 2


